<?xml version="1.0" encoding="UTF-8"?>
<testsuite xmlns:xsi="http://www.w3.org/2001/XMLSchema-instance" xsi:noNamespaceSchemaLocation="https://maven.apache.org/surefire/maven-surefire-plugin/xsd/surefire-test-report-3.0.xsd" version="3.0" name="cuentapalabras.TestRunnerPr42$JUnitTestContadorPalabrasSig" time="0.056" tests="10" errors="0" skipped="0" failures="1">
  <properties>
    <property name="java.specification.version" value="23"/>
    <property name="sun.cpu.isalist" value="amd64"/>
    <property name="sun.jnu.encoding" value="Cp1252"/>
    <property name="java.class.path" value="C:\Users\estel\OneDrive\POO\Practicas\pa1p42\target\test-classes;C:\Users\estel\OneDrive\POO\Practicas\pa1p42\target\classes;C:\Users\estel\.m2\repository\org\junit\jupiter\junit-jupiter\5.12.0\junit-jupiter-5.12.0.jar;C:\Users\estel\.m2\repository\org\junit\jupiter\junit-jupiter-api\5.12.0\junit-jupiter-api-5.12.0.jar;C:\Users\estel\.m2\repository\org\opentest4j\opentest4j\1.3.0\opentest4j-1.3.0.jar;C:\Users\estel\.m2\repository\org\junit\platform\junit-platform-commons\1.12.0\junit-platform-commons-1.12.0.jar;C:\Users\estel\.m2\repository\org\apiguardian\apiguardian-api\1.1.2\apiguardian-api-1.1.2.jar;C:\Users\estel\.m2\repository\org\junit\jupiter\junit-jupiter-params\5.12.0\junit-jupiter-params-5.12.0.jar;C:\Users\estel\.m2\repository\org\junit\jupiter\junit-jupiter-engine\5.12.0\junit-jupiter-engine-5.12.0.jar;C:\Users\estel\.m2\repository\org\junit\platform\junit-platform-engine\1.12.0\junit-platform-engine-1.12.0.jar;C:\Users\estel\.m2\repository\org\junit\platform\junit-platform-suite\1.12.0\junit-platform-suite-1.12.0.jar;C:\Users\estel\.m2\repository\org\junit\platform\junit-platform-suite-api\1.12.0\junit-platform-suite-api-1.12.0.jar;C:\Users\estel\.m2\repository\org\junit\platform\junit-platform-suite-engine\1.12.0\junit-platform-suite-engine-1.12.0.jar;C:\Users\estel\.m2\repository\org\junit\platform\junit-platform-suite-commons\1.12.0\junit-platform-suite-commons-1.12.0.jar;C:\Users\estel\.m2\repository\org\junit\platform\junit-platform-launcher\1.12.0\junit-platform-launcher-1.12.0.jar;"/>
    <property name="java.vm.vendor" value="Oracle Corporation"/>
    <property name="sun.arch.data.model" value="64"/>
    <property name="user.variant" value=""/>
    <property name="java.vendor.url" value="https://java.oracle.com/"/>
    <property name="user.timezone" value="Europe/Madrid"/>
    <property name="os.name" value="Windows 11"/>
    <property name="java.vm.specification.version" value="23"/>
    <property name="sun.java.launcher" value="SUN_STANDARD"/>
    <property name="user.country" value="ES"/>
    <property name="sun.boot.library.path" value="C:\Program Files\Java\jdk-23\bin"/>
    <property name="sun.java.command" value="C:\Users\estel\AppData\Local\Temp\surefire18109295363197183576\surefirebooter-20250505204824773_3.jar C:\Users\estel\AppData\Local\Temp\surefire18109295363197183576 2025-05-05T20-48-24_664-jvmRun1 surefire-20250505204824773_1tmp surefire_0-20250505204824773_2tmp"/>
    <property name="jdk.debug" value="release"/>
    <property name="surefire.test.class.path" value="C:\Users\estel\OneDrive\POO\Practicas\pa1p42\target\test-classes;C:\Users\estel\OneDrive\POO\Practicas\pa1p42\target\classes;C:\Users\estel\.m2\repository\org\junit\jupiter\junit-jupiter\5.12.0\junit-jupiter-5.12.0.jar;C:\Users\estel\.m2\repository\org\junit\jupiter\junit-jupiter-api\5.12.0\junit-jupiter-api-5.12.0.jar;C:\Users\estel\.m2\repository\org\opentest4j\opentest4j\1.3.0\opentest4j-1.3.0.jar;C:\Users\estel\.m2\repository\org\junit\platform\junit-platform-commons\1.12.0\junit-platform-commons-1.12.0.jar;C:\Users\estel\.m2\repository\org\apiguardian\apiguardian-api\1.1.2\apiguardian-api-1.1.2.jar;C:\Users\estel\.m2\repository\org\junit\jupiter\junit-jupiter-params\5.12.0\junit-jupiter-params-5.12.0.jar;C:\Users\estel\.m2\repository\org\junit\jupiter\junit-jupiter-engine\5.12.0\junit-jupiter-engine-5.12.0.jar;C:\Users\estel\.m2\repository\org\junit\platform\junit-platform-engine\1.12.0\junit-platform-engine-1.12.0.jar;C:\Users\estel\.m2\repository\org\junit\platform\junit-platform-suite\1.12.0\junit-platform-suite-1.12.0.jar;C:\Users\estel\.m2\repository\org\junit\platform\junit-platform-suite-api\1.12.0\junit-platform-suite-api-1.12.0.jar;C:\Users\estel\.m2\repository\org\junit\platform\junit-platform-suite-engine\1.12.0\junit-platform-suite-engine-1.12.0.jar;C:\Users\estel\.m2\repository\org\junit\platform\junit-platform-suite-commons\1.12.0\junit-platform-suite-commons-1.12.0.jar;C:\Users\estel\.m2\repository\org\junit\platform\junit-platform-launcher\1.12.0\junit-platform-launcher-1.12.0.jar;"/>
    <property name="sun.cpu.endian" value="little"/>
    <property name="user.home" value="C:\Users\estel"/>
    <property name="user.language" value="es"/>
    <property name="java.specification.vendor" value="Oracle Corporation"/>
    <property name="java.version.date" value="2025-01-21"/>
    <property name="java.home" value="C:\Program Files\Java\jdk-23"/>
    <property name="file.separator" value="\"/>
    <property name="basedir" value="C:\Users\estel\OneDrive\POO\Practicas\pa1p42"/>
    <property name="java.vm.compressedOopsMode" value="Zero based"/>
    <property name="line.separator" value="&#10;"/>
    <property name="java.vm.specification.vendor" value="Oracle Corporation"/>
    <property name="java.specification.name" value="Java Platform API Specification"/>
    <property name="surefire.real.class.path" value="C:\Users\estel\AppData\Local\Temp\surefire18109295363197183576\surefirebooter-20250505204824773_3.jar"/>
    <property name="user.script" value=""/>
    <property name="sun.management.compiler" value="HotSpot 64-Bit Tiered Compilers"/>
    <property name="java.runtime.version" value="23.0.2+7-58"/>
    <property name="user.name" value="estel"/>
    <property name="stdout.encoding" value="Cp1252"/>
    <property name="path.separator" value=";"/>
    <property name="os.version" value="10.0"/>
    <property name="java.runtime.name" value="Java(TM) SE Runtime Environment"/>
    <property name="file.encoding" value="UTF-8"/>
    <property name="java.vm.name" value="Java HotSpot(TM) 64-Bit Server VM"/>
    <property name="localRepository" value="C:\Users\estel\.m2\repository"/>
    <property name="java.vendor.url.bug" value="https://bugreport.java.com/bugreport/"/>
    <property name="java.io.tmpdir" value="C:\Users\estel\AppData\Local\Temp\"/>
    <property name="java.version" value="23.0.2"/>
    <property name="user.dir" value="C:\Users\estel\OneDrive\POO\Practicas\pa1p42"/>
    <property name="os.arch" value="amd64"/>
    <property name="java.vm.specification.name" value="Java Virtual Machine Specification"/>
    <property name="sun.os.patch.level" value=""/>
    <property name="native.encoding" value="Cp1252"/>
    <property name="java.library.path" value="C:\Program Files\Java\jdk-23\bin;C:\WINDOWS\Sun\Java\bin;C:\WINDOWS\system32;C:\WINDOWS;C:\Program Files\Common Files\Oracle\Java\javapath;C:\WINDOWS\system32;C:\WINDOWS;C:\WINDOWS\System32\Wbem;C:\WINDOWS\System32\WindowsPowerShell\v1.0\;C:\WINDOWS\System32\OpenSSH\;C:\Program Files\Git\cmd;C:\Users\estel\AppData\Local\Microsoft\WindowsApps;C:\Users\estel\AppData\Local\Programs\Microsoft VS Code\bin;C:\Users\estel\AppData\Local\JetBrains\Toolbox\scripts;C:\Users\estel\Downloads\apache-maven-3.9.9-bin\apache-maven-3.9.9\bin;C:\Users\estel\AppData\Local\Microsoft\WindowsApps;C:\ProgramData\estel\gitkraken\bin;C:\Users\estel\AppData\Local\gitkraken\bin;."/>
    <property name="java.vm.info" value="mixed mode, sharing"/>
    <property name="stderr.encoding" value="Cp1252"/>
    <property name="java.vendor" value="Oracle Corporation"/>
    <property name="java.vm.version" value="23.0.2+7-58"/>
    <property name="sun.io.unicode.encoding" value="UnicodeLittle"/>
    <property name="java.class.version" value="67.0"/>
  </properties>
  <testcase name="contadorPalabrasSigPresentaPalabrasPWTest1" classname="cuentapalabras.TestRunnerPr42$JUnitTestContadorPalabrasSig" time="0.007">
    <system-out><![CDATA[Inicio de ContadorPalabrasSig JUnit Test
]]></system-out>
  </testcase>
  <testcase name="contadorPalabrasSigIncluyeTodasFicheroTest1" classname="cuentapalabras.TestRunnerPr42$JUnitTestContadorPalabrasSig" time="0.005"/>
  <testcase name="contadorPalabrasSigIncluyeTodasTest1" classname="cuentapalabras.TestRunnerPr42$JUnitTestContadorPalabrasSig" time="0.001"/>
  <testcase name="contadorPalabrasSigLeeArrayNoSigTest1" classname="cuentapalabras.TestRunnerPr42$JUnitTestContadorPalabrasSig" time="0.003"/>
  <testcase name="contadorPalabrasSigEncuentraTest1" classname="cuentapalabras.TestRunnerPr42$JUnitTestContadorPalabrasSig" time="0.003"/>
  <testcase name="contadorPalabrasSigEncuentraTest2" classname="cuentapalabras.TestRunnerPr42$JUnitTestContadorPalabrasSig" time="0.003"/>
  <testcase name="contadorPalabrasSigEncuentraTest3" classname="cuentapalabras.TestRunnerPr42$JUnitTestContadorPalabrasSig" time="0.002"/>
  <testcase name="contadorPalabrasSigPresentaPalabrasFichTest1" classname="cuentapalabras.TestRunnerPr42$JUnitTestContadorPalabrasSig" time="0.004"/>
  <testcase name="ContadorPalabrasSigCtorTest1" classname="cuentapalabras.TestRunnerPr42$JUnitTestContadorPalabrasSig" time="0.002"/>
  <testcase name="contadorPalabrasSigLeeFicheroNoSigTest1" classname="cuentapalabras.TestRunnerPr42$JUnitTestContadorPalabrasSig" time="0.011">
    <failure message="&#10;&gt; Error: incluyeTodas() ; toString(): ==&gt; expected: &lt;[ GUERRA : 5 - TENIA : 2 - JARRA : 3 - PARRA : 7 - PERRA : 6 - PERO : 1 - ROMPIO : 1 - PEGO : 1 - PORRA : 3 - OIGA : 1 - USTED : 1 - BUEN : 1 - HOMBRE : 1 - POR : 1 - QUE : 1 - HA : 1 - PEGADO : 2 - PORQUE : 1 - HUBIERA : 2 - ROTO : 1 ]&gt; but was: &lt;[ GUERRA : 5 - TENIA : 2 - UNA : 2 - JARRA : 3 - Y : 1 - PARRA : 7 - PERRA : 6 - PERO : 1 - LA : 10 - DE : 8 - ROMPIO : 1 - PEGO : 1 - CON : 3 - PORRA : 3 - A : 3 - OIGA : 1 - USTED : 1 - BUEN : 1 - HOMBRE : 1 - POR : 1 - QUE : 1 - HA : 1 - PEGADO : 2 - PORQUE : 1 - SI : 1 - NO : 2 - HUBIERA : 2 - ROTO : 1 ]&gt;" type="org.opentest4j.AssertionFailedError"><![CDATA[org.opentest4j.AssertionFailedError: 

> Error: incluyeTodas() ; toString(): ==> expected: <[ GUERRA : 5 - TENIA : 2 - JARRA : 3 - PARRA : 7 - PERRA : 6 - PERO : 1 - ROMPIO : 1 - PEGO : 1 - PORRA : 3 - OIGA : 1 - USTED : 1 - BUEN : 1 - HOMBRE : 1 - POR : 1 - QUE : 1 - HA : 1 - PEGADO : 2 - PORQUE : 1 - HUBIERA : 2 - ROTO : 1 ]> but was: <[ GUERRA : 5 - TENIA : 2 - UNA : 2 - JARRA : 3 - Y : 1 - PARRA : 7 - PERRA : 6 - PERO : 1 - LA : 10 - DE : 8 - ROMPIO : 1 - PEGO : 1 - CON : 3 - PORRA : 3 - A : 3 - OIGA : 1 - USTED : 1 - BUEN : 1 - HOMBRE : 1 - POR : 1 - QUE : 1 - HA : 1 - PEGADO : 2 - PORQUE : 1 - SI : 1 - NO : 2 - HUBIERA : 2 - ROTO : 1 ]>
	at org.junit.jupiter.api.AssertionFailureBuilder.build(AssertionFailureBuilder.java:151)
	at org.junit.jupiter.api.AssertionFailureBuilder.buildAndThrow(AssertionFailureBuilder.java:132)
	at org.junit.jupiter.api.AssertEquals.failNotEqual(AssertEquals.java:197)
	at org.junit.jupiter.api.AssertEquals.assertEquals(AssertEquals.java:182)
	at org.junit.jupiter.api.Assertions.assertEquals(Assertions.java:1156)
	at cuentapalabras.TestRunnerPr42$JUnitTestContadorPalabrasSig.contadorPalabrasSigLeeFicheroNoSigTest1(TestRunnerPr42.java:426)
	at java.base/java.lang.reflect.Method.invoke(Method.java:580)
	at java.base/java.util.ArrayList.forEach(ArrayList.java:1597)
	at java.base/java.util.ArrayList.forEach(ArrayList.java:1597)
	at java.base/java.util.ArrayList.forEach(ArrayList.java:1597)
]]></failure>
  </testcase>
</testsuite>